<?xml version="1.0" encoding="utf-8"?>
<!-- saved from NCover 3.0 Export url='http://www.ncover.com/' -->
<coverage profilerVersion="3.4.18.6937" driverVersion="3.4.18.6937" exportversion="3" viewdisplayname="" startTime="2012-04-13T14:30:53.6708184Z" measureTime="2012-04-13T14:30:58.0678184Z" projectName="New Project" buildid="36d39bb2-bc20-4b89-8c5a-0ce18298fe19" coveragenodeid="0" failed="false" satisfactorybranchthreshold="95" satisfactorycoveragethreshold="95" satisfactorycyclomaticcomplexitythreshold="20" satisfactoryfunctionthreshold="80" satisfactoryunvisitedsequencepoints="10" uiviewtype="TreeView" viewguid="New Project" viewfilterstyle="None" viewreportstyle="SequencePointCoveragePercentage" viewsortstyle="Name">
  <rebasedpaths />
  <filters />
  <documents>
    <doc id="0" excluded="false" url="None" cs="" csa="00000000-0000-0000-0000-000000000000" om="0" nid="0" />
  </documents>
</coverage>